<?xml version="1.0" encoding="UTF-8"?>
<testng-results skipped="0" failed="0" ignored="0" total="1" passed="1">
  <reporter-output>
  </reporter-output>
  <suite name="Selenium Grid Execution" duration-ms="12135" started-at="2017-12-08T20:48:54Z" finished-at="2017-12-08T20:49:06Z">
    <groups>
    </groups>
    <test name="Selenium Grid" duration-ms="12135" started-at="2017-12-08T20:48:54Z" finished-at="2017-12-08T20:49:06Z">
      <class name="com.vmetry.selenium.grid.SeleniumGrid">
        <test-method status="PASS" signature="setup(java.lang.String, java.lang.String)[pri:0, instance:com.vmetry.selenium.grid.SeleniumGrid@51081592]" name="setup" is-config="true" duration-ms="6623" started-at="2017-12-09T02:18:54Z" finished-at="2017-12-09T02:19:00Z">
          <params>
            <param index="0">
              <value>
                <![CDATA[Chrome]]>
              </value>
            </param>
            <param index="1">
              <value>
                <![CDATA[Windows 10]]>
              </value>
            </param>
          </params>
          <reporter-output>
          </reporter-output>
        </test-method> <!-- setup -->
        <test-method status="PASS" signature="Launch()[pri:0, instance:com.vmetry.selenium.grid.SeleniumGrid@51081592]" name="Launch" duration-ms="2200" started-at="2017-12-09T02:19:00Z" finished-at="2017-12-09T02:19:03Z">
          <reporter-output>
          </reporter-output>
        </test-method> <!-- Launch -->
        <test-method status="PASS" signature="tearDown()[pri:0, instance:com.vmetry.selenium.grid.SeleniumGrid@51081592]" name="tearDown" is-config="true" duration-ms="3292" started-at="2017-12-09T02:19:03Z" finished-at="2017-12-09T02:19:06Z">
          <reporter-output>
          </reporter-output>
        </test-method> <!-- tearDown -->
      </class> <!-- com.vmetry.selenium.grid.SeleniumGrid -->
    </test> <!-- Selenium Grid -->
  </suite> <!-- Selenium Grid Execution -->
</testng-results>
